<?xml version="1.0" encoding="UTF-8"?>
<testsuite name="TestConverterPathCoverage" tests="174" skipped="0" failures="0" errors="0" timestamp="2024-12-06T18:27:55" hostname="NCS_LAPTOP" time="0.034">
  <properties/>
  <testcase name="testConvertWeightP10" classname="TestConverterPathCoverage" time="0.005"/>
  <testcase name="testConvertWeightP11" classname="TestConverterPathCoverage" time="0.0"/>
  <testcase name="testConvertWeightP12" classname="TestConverterPathCoverage" time="0.0"/>
  <testcase name="testConvertWeightP13" classname="TestConverterPathCoverage" time="0.0"/>
  <testcase name="testConvertWeightP14" classname="TestConverterPathCoverage" time="0.0"/>
  <testcase name="testConvertWeightP15" classname="TestConverterPathCoverage" time="0.0"/>
  <testcase name="testConvertWeightP16" classname="TestConverterPathCoverage" time="0.0"/>
  <testcase name="testConvertWeightP17" classname="TestConverterPathCoverage" time="0.0"/>
  <testcase name="testConvertWeightP18" classname="TestConverterPathCoverage" time="0.001"/>
  <testcase name="testConvertWeightP19" classname="TestConverterPathCoverage" time="0.0"/>
  <testcase name="testConvertWeightP20" classname="TestConverterPathCoverage" time="0.0"/>
  <testcase name="testConvertWeightP21" classname="TestConverterPathCoverage" time="0.0"/>
  <testcase name="testConvertWeightP22" classname="TestConverterPathCoverage" time="0.0"/>
  <testcase name="testConvertWeightP23" classname="TestConverterPathCoverage" time="0.0"/>
  <testcase name="testConvertWeightP24" classname="TestConverterPathCoverage" time="0.0"/>
  <testcase name="testConvertWeightP25" classname="TestConverterPathCoverage" time="0.002"/>
  <testcase name="testConvertLengthP1" classname="TestConverterPathCoverage" time="0.0"/>
  <testcase name="testConvertLengthP2" classname="TestConverterPathCoverage" time="0.0"/>
  <testcase name="testConvertLengthP3" classname="TestConverterPathCoverage" time="0.0"/>
  <testcase name="testConvertLengthP4" classname="TestConverterPathCoverage" time="0.0"/>
  <testcase name="testConvertLengthP5" classname="TestConverterPathCoverage" time="0.0"/>
  <testcase name="testConvertLengthP6" classname="TestConverterPathCoverage" time="0.0"/>
  <testcase name="testConvertLengthP7" classname="TestConverterPathCoverage" time="0.0"/>
  <testcase name="testConvertLengthP8" classname="TestConverterPathCoverage" time="0.0"/>
  <testcase name="testConvertLengthP9" classname="TestConverterPathCoverage" time="0.0"/>
  <testcase name="testConvertTime10" classname="TestConverterPathCoverage" time="0.0"/>
  <testcase name="testConvertTime11" classname="TestConverterPathCoverage" time="0.0"/>
  <testcase name="testConvertTime12" classname="TestConverterPathCoverage" time="0.0"/>
  <testcase name="testConvertTime13" classname="TestConverterPathCoverage" time="0.0"/>
  <testcase name="testConvertTime14" classname="TestConverterPathCoverage" time="0.0"/>
  <testcase name="testConvertTime15" classname="TestConverterPathCoverage" time="0.0"/>
  <testcase name="testConvertTime16" classname="TestConverterPathCoverage" time="0.0"/>
  <testcase name="testConvertTime17" classname="TestConverterPathCoverage" time="0.001"/>
  <testcase name="testConvertTime18" classname="TestConverterPathCoverage" time="0.0"/>
  <testcase name="testConvertTime19" classname="TestConverterPathCoverage" time="0.0"/>
  <testcase name="testConvertTime20" classname="TestConverterPathCoverage" time="0.0"/>
  <testcase name="testConvertTime21" classname="TestConverterPathCoverage" time="0.0"/>
  <testcase name="testConvertTime22" classname="TestConverterPathCoverage" time="0.0"/>
  <testcase name="testConvertTime23" classname="TestConverterPathCoverage" time="0.0"/>
  <testcase name="testConvertTime24" classname="TestConverterPathCoverage" time="0.0"/>
  <testcase name="testConvertTime25" classname="TestConverterPathCoverage" time="0.0"/>
  <testcase name="testConvertTime26" classname="TestConverterPathCoverage" time="0.0"/>
  <testcase name="testConvertTime27" classname="TestConverterPathCoverage" time="0.001"/>
  <testcase name="testConvertTime28" classname="TestConverterPathCoverage" time="0.0"/>
  <testcase name="testConvertTime29" classname="TestConverterPathCoverage" time="0.0"/>
  <testcase name="testConvertTime30" classname="TestConverterPathCoverage" time="0.0"/>
  <testcase name="testConvertTime31" classname="TestConverterPathCoverage" time="0.0"/>
  <testcase name="testConvertTime32" classname="TestConverterPathCoverage" time="0.0"/>
  <testcase name="testConvertTime33" classname="TestConverterPathCoverage" time="0.001"/>
  <testcase name="testConvertTime34" classname="TestConverterPathCoverage" time="0.0"/>
  <testcase name="testConvertTime35" classname="TestConverterPathCoverage" time="0.0"/>
  <testcase name="testConvertTime36" classname="TestConverterPathCoverage" time="0.0"/>
  <testcase name="testConvertTime37" classname="TestConverterPathCoverage" time="0.001"/>
  <testcase name="testConvertTime38" classname="TestConverterPathCoverage" time="0.0"/>
  <testcase name="testConvertTime39" classname="TestConverterPathCoverage" time="0.0"/>
  <testcase name="testConvertTime40" classname="TestConverterPathCoverage" time="0.0"/>
  <testcase name="testConvertTime41" classname="TestConverterPathCoverage" time="0.0"/>
  <testcase name="testConvertTime42" classname="TestConverterPathCoverage" time="0.0"/>
  <testcase name="testConvertTime43" classname="TestConverterPathCoverage" time="0.0"/>
  <testcase name="testConvertTime44" classname="TestConverterPathCoverage" time="0.0"/>
  <testcase name="testConvertTime45" classname="TestConverterPathCoverage" time="0.0"/>
  <testcase name="testConvertTime46" classname="TestConverterPathCoverage" time="0.0"/>
  <testcase name="testConvertTime47" classname="TestConverterPathCoverage" time="0.0"/>
  <testcase name="testConvertTime48" classname="TestConverterPathCoverage" time="0.0"/>
  <testcase name="testConvertTime49" classname="TestConverterPathCoverage" time="0.001"/>
  <testcase name="testConvertVolumeP10" classname="TestConverterPathCoverage" time="0.0"/>
  <testcase name="testConvertVolumeP11" classname="TestConverterPathCoverage" time="0.0"/>
  <testcase name="testConvertVolumeP12" classname="TestConverterPathCoverage" time="0.0"/>
  <testcase name="testConvertVolumeP13" classname="TestConverterPathCoverage" time="0.0"/>
  <testcase name="testConvertVolumeP14" classname="TestConverterPathCoverage" time="0.0"/>
  <testcase name="testConvertVolumeP15" classname="TestConverterPathCoverage" time="0.0"/>
  <testcase name="testConvertVolumeP16" classname="TestConverterPathCoverage" time="0.0"/>
  <testcase name="testConvertVolumeP17" classname="TestConverterPathCoverage" time="0.0"/>
  <testcase name="testConvertVolumeP18" classname="TestConverterPathCoverage" time="0.0"/>
  <testcase name="testConvertVolumeP19" classname="TestConverterPathCoverage" time="0.0"/>
  <testcase name="testConvertVolumeP20" classname="TestConverterPathCoverage" time="0.0"/>
  <testcase name="testConvertVolumeP21" classname="TestConverterPathCoverage" time="0.0"/>
  <testcase name="testConvertVolumeP22" classname="TestConverterPathCoverage" time="0.0"/>
  <testcase name="testConvertVolumeP23" classname="TestConverterPathCoverage" time="0.0"/>
  <testcase name="testConvertVolumeP24" classname="TestConverterPathCoverage" time="0.0"/>
  <testcase name="testConvertVolumeP25" classname="TestConverterPathCoverage" time="0.0"/>
  <testcase name="testConvertVolumeP26" classname="TestConverterPathCoverage" time="0.0"/>
  <testcase name="testConvertVolumeP27" classname="TestConverterPathCoverage" time="0.0"/>
  <testcase name="testConvertVolumeP28" classname="TestConverterPathCoverage" time="0.0"/>
  <testcase name="testConvertVolumeP29" classname="TestConverterPathCoverage" time="0.0"/>
  <testcase name="testConvertVolumeP30" classname="TestConverterPathCoverage" time="0.0"/>
  <testcase name="testConvertVolumeP31" classname="TestConverterPathCoverage" time="0.0"/>
  <testcase name="testConvertVolumeP32" classname="TestConverterPathCoverage" time="0.0"/>
  <testcase name="testConvertVolumeP33" classname="TestConverterPathCoverage" time="0.0"/>
  <testcase name="testConvertVolumeP34" classname="TestConverterPathCoverage" time="0.0"/>
  <testcase name="testConvertVolumeP35" classname="TestConverterPathCoverage" time="0.0"/>
  <testcase name="testConvertVolumeP36" classname="TestConverterPathCoverage" time="0.0"/>
  <testcase name="testConvertVolumeP1" classname="TestConverterPathCoverage" time="0.0"/>
  <testcase name="testConvertVolumeP2" classname="TestConverterPathCoverage" time="0.0"/>
  <testcase name="testConvertVolumeP3" classname="TestConverterPathCoverage" time="0.0"/>
  <testcase name="testConvertVolumeP4" classname="TestConverterPathCoverage" time="0.0"/>
  <testcase name="testConvertVolumeP5" classname="TestConverterPathCoverage" time="0.001"/>
  <testcase name="testConvertVolumeP6" classname="TestConverterPathCoverage" time="0.0"/>
  <testcase name="testConvertVolumeP7" classname="TestConverterPathCoverage" time="0.0"/>
  <testcase name="testConvertVolumeP8" classname="TestConverterPathCoverage" time="0.0"/>
  <testcase name="testConvertVolumeP9" classname="TestConverterPathCoverage" time="0.0"/>
  <testcase name="testConvertWeightP1" classname="TestConverterPathCoverage" time="0.001"/>
  <testcase name="testConvertWeightP2" classname="TestConverterPathCoverage" time="0.0"/>
  <testcase name="testConvertWeightP3" classname="TestConverterPathCoverage" time="0.0"/>
  <testcase name="testConvertWeightP4" classname="TestConverterPathCoverage" time="0.0"/>
  <testcase name="testConvertWeightP5" classname="TestConverterPathCoverage" time="0.0"/>
  <testcase name="testConvertWeightP6" classname="TestConverterPathCoverage" time="0.0"/>
  <testcase name="testConvertWeightP7" classname="TestConverterPathCoverage" time="0.0"/>
  <testcase name="testConvertWeightP8" classname="TestConverterPathCoverage" time="0.001"/>
  <testcase name="testConvertWeightP9" classname="TestConverterPathCoverage" time="0.0"/>
  <testcase name="testConvertTime1" classname="TestConverterPathCoverage" time="0.0"/>
  <testcase name="testConvertTime2" classname="TestConverterPathCoverage" time="0.0"/>
  <testcase name="testConvertTime3" classname="TestConverterPathCoverage" time="0.0"/>
  <testcase name="testConvertTime4" classname="TestConverterPathCoverage" time="0.0"/>
  <testcase name="testConvertTime5" classname="TestConverterPathCoverage" time="0.0"/>
  <testcase name="testConvertTime6" classname="TestConverterPathCoverage" time="0.0"/>
  <testcase name="testConvertTime7" classname="TestConverterPathCoverage" time="0.0"/>
  <testcase name="testConvertTime8" classname="TestConverterPathCoverage" time="0.0"/>
  <testcase name="testConvertTime9" classname="TestConverterPathCoverage" time="0.0"/>
  <testcase name="testConvertLengthP10" classname="TestConverterPathCoverage" time="0.0"/>
  <testcase name="testConvertLengthP11" classname="TestConverterPathCoverage" time="0.0"/>
  <testcase name="testConvertLengthP12" classname="TestConverterPathCoverage" time="0.001"/>
  <testcase name="testConvertLengthP13" classname="TestConverterPathCoverage" time="0.0"/>
  <testcase name="testConvertLengthP14" classname="TestConverterPathCoverage" time="0.0"/>
  <testcase name="testConvertLengthP15" classname="TestConverterPathCoverage" time="0.0"/>
  <testcase name="testConvertLengthP16" classname="TestConverterPathCoverage" time="0.0"/>
  <testcase name="testConvertLengthP17" classname="TestConverterPathCoverage" time="0.001"/>
  <testcase name="testConvertLengthP18" classname="TestConverterPathCoverage" time="0.0"/>
  <testcase name="testConvertLengthP19" classname="TestConverterPathCoverage" time="0.0"/>
  <testcase name="testConvertLengthP20" classname="TestConverterPathCoverage" time="0.0"/>
  <testcase name="testConvertLengthP21" classname="TestConverterPathCoverage" time="0.0"/>
  <testcase name="testConvertLengthP22" classname="TestConverterPathCoverage" time="0.0"/>
  <testcase name="testConvertLengthP23" classname="TestConverterPathCoverage" time="0.0"/>
  <testcase name="testConvertLengthP24" classname="TestConverterPathCoverage" time="0.0"/>
  <testcase name="testConvertLengthP25" classname="TestConverterPathCoverage" time="0.0"/>
  <testcase name="testConvertLengthP26" classname="TestConverterPathCoverage" time="0.001"/>
  <testcase name="testConvertLengthP27" classname="TestConverterPathCoverage" time="0.0"/>
  <testcase name="testConvertLengthP28" classname="TestConverterPathCoverage" time="0.0"/>
  <testcase name="testConvertLengthP29" classname="TestConverterPathCoverage" time="0.0"/>
  <testcase name="testConvertLengthP30" classname="TestConverterPathCoverage" time="0.0"/>
  <testcase name="testConvertLengthP31" classname="TestConverterPathCoverage" time="0.0"/>
  <testcase name="testConvertLengthP32" classname="TestConverterPathCoverage" time="0.0"/>
  <testcase name="testConvertLengthP33" classname="TestConverterPathCoverage" time="0.0"/>
  <testcase name="testConvertLengthP34" classname="TestConverterPathCoverage" time="0.0"/>
  <testcase name="testConvertLengthP35" classname="TestConverterPathCoverage" time="0.0"/>
  <testcase name="testConvertLengthP36" classname="TestConverterPathCoverage" time="0.0"/>
  <testcase name="testConvertLengthP37" classname="TestConverterPathCoverage" time="0.0"/>
  <testcase name="testConvertLengthP38" classname="TestConverterPathCoverage" time="0.001"/>
  <testcase name="testConvertLengthP39" classname="TestConverterPathCoverage" time="0.0"/>
  <testcase name="testConvertLengthP40" classname="TestConverterPathCoverage" time="0.0"/>
  <testcase name="testConvertLengthP41" classname="TestConverterPathCoverage" time="0.0"/>
  <testcase name="testConvertLengthP42" classname="TestConverterPathCoverage" time="0.0"/>
  <testcase name="testConvertLengthP43" classname="TestConverterPathCoverage" time="0.0"/>
  <testcase name="testConvertLengthP44" classname="TestConverterPathCoverage" time="0.0"/>
  <testcase name="testConvertLengthP45" classname="TestConverterPathCoverage" time="0.0"/>
  <testcase name="testConvertLengthP46" classname="TestConverterPathCoverage" time="0.0"/>
  <testcase name="testConvertLengthP47" classname="TestConverterPathCoverage" time="0.0"/>
  <testcase name="testConvertLengthP48" classname="TestConverterPathCoverage" time="0.0"/>
  <testcase name="testConvertLengthP49" classname="TestConverterPathCoverage" time="0.0"/>
  <testcase name="testConvertLengthP50" classname="TestConverterPathCoverage" time="0.0"/>
  <testcase name="testConvertLengthP51" classname="TestConverterPathCoverage" time="0.0"/>
  <testcase name="testConvertLengthP52" classname="TestConverterPathCoverage" time="0.0"/>
  <testcase name="testConvertLengthP53" classname="TestConverterPathCoverage" time="0.0"/>
  <testcase name="testConvertLengthP54" classname="TestConverterPathCoverage" time="0.0"/>
  <testcase name="testConvertLengthP55" classname="TestConverterPathCoverage" time="0.0"/>
  <testcase name="testConvertLengthP56" classname="TestConverterPathCoverage" time="0.0"/>
  <testcase name="testConvertLengthP57" classname="TestConverterPathCoverage" time="0.0"/>
  <testcase name="testConvertLengthP58" classname="TestConverterPathCoverage" time="0.0"/>
  <testcase name="testConvertLengthP59" classname="TestConverterPathCoverage" time="0.0"/>
  <testcase name="testConvertLengthP60" classname="TestConverterPathCoverage" time="0.0"/>
  <testcase name="testConvertLengthP61" classname="TestConverterPathCoverage" time="0.0"/>
  <testcase name="testConvertLengthP62" classname="TestConverterPathCoverage" time="0.0"/>
  <testcase name="testConvertLengthP63" classname="TestConverterPathCoverage" time="0.0"/>
  <testcase name="testConvertLengthP64" classname="TestConverterPathCoverage" time="0.0"/>
  <system-out><![CDATA[]]></system-out>
  <system-err><![CDATA[]]></system-err>
</testsuite>
